[2023-05-07T01:19:56.183+0000] {taskinstance.py:1090} INFO - Dependencies all met for dep_context=non-requeueable deps ti=<TaskInstance: scrape_and_save_to_csv.scrape_teams_25-30 scheduled__2023-05-06T23:00:00+00:00 [queued]>
[2023-05-07T01:19:56.224+0000] {taskinstance.py:1090} INFO - Dependencies all met for dep_context=requeueable deps ti=<TaskInstance: scrape_and_save_to_csv.scrape_teams_25-30 scheduled__2023-05-06T23:00:00+00:00 [queued]>
[2023-05-07T01:19:56.229+0000] {taskinstance.py:1288} INFO - 
--------------------------------------------------------------------------------
[2023-05-07T01:19:56.244+0000] {taskinstance.py:1289} INFO - Starting attempt 1 of 1
[2023-05-07T01:19:56.248+0000] {taskinstance.py:1290} INFO - 
--------------------------------------------------------------------------------
[2023-05-07T01:19:56.279+0000] {taskinstance.py:1309} INFO - Executing <Task(PythonOperator): scrape_teams_25-30> on 2023-05-06 23:00:00+00:00
[2023-05-07T01:19:56.324+0000] {standard_task_runner.py:55} INFO - Started process 514 to run task
[2023-05-07T01:19:56.354+0000] {standard_task_runner.py:82} INFO - Running: ['***', 'tasks', 'run', 'scrape_and_save_to_csv', 'scrape_teams_25-30', 'scheduled__2023-05-06T23:00:00+00:00', '--job-id', '2633', '--raw', '--subdir', 'DAGS_FOLDER/scrape_and_save_csv_dag.py', '--cfg-path', '/tmp/tmpqqg129qn']
[2023-05-07T01:19:56.362+0000] {standard_task_runner.py:83} INFO - Job 2633: Subtask scrape_teams_25-30
[2023-05-07T01:19:56.646+0000] {task_command.py:389} INFO - Running <TaskInstance: scrape_and_save_to_csv.scrape_teams_25-30 scheduled__2023-05-06T23:00:00+00:00 [running]> on host 6589836e9c08
[2023-05-07T01:19:56.839+0000] {taskinstance.py:1518} INFO - Exporting the following env vars:
AIRFLOW_CTX_DAG_OWNER=***
AIRFLOW_CTX_DAG_ID=scrape_and_save_to_csv
AIRFLOW_CTX_TASK_ID=scrape_teams_25-30
AIRFLOW_CTX_EXECUTION_DATE=2023-05-06T23:00:00+00:00
AIRFLOW_CTX_TRY_NUMBER=1
AIRFLOW_CTX_DAG_RUN_ID=scheduled__2023-05-06T23:00:00+00:00
[2023-05-07T01:19:56.850+0000] {taskinstance.py:1776} ERROR - Task failed with exception
Traceback (most recent call last):
  File "/home/airflow/.local/lib/python3.7/site-packages/airflow/operators/python.py", line 175, in execute
    return_value = self.execute_callable()
  File "/home/airflow/.local/lib/python3.7/site-packages/airflow/operators/python.py", line 192, in execute_callable
    return self.python_callable(*self.op_args, **self.op_kwargs)
TypeError: scrape_and_save() missing 1 required positional argument: 'current_date'
[2023-05-07T01:19:56.874+0000] {taskinstance.py:1332} INFO - Marking task as FAILED. dag_id=scrape_and_save_to_csv, task_id=scrape_teams_25-30, execution_date=20230506T230000, start_date=20230507T011956, end_date=20230507T011956
[2023-05-07T01:19:56.913+0000] {standard_task_runner.py:105} ERROR - Failed to execute job 2633 for task scrape_teams_25-30 (scrape_and_save() missing 1 required positional argument: 'current_date'; 514)
[2023-05-07T01:19:56.988+0000] {local_task_job.py:212} INFO - Task exited with return code 1
[2023-05-07T01:19:57.054+0000] {taskinstance.py:2596} INFO - 0 downstream tasks scheduled from follow-on schedule check
