[2023-05-07T03:00:02.646+0000] {taskinstance.py:1090} INFO - Dependencies all met for dep_context=non-requeueable deps ti=<TaskInstance: scrape_and_save_to_csv.scrape_teams_25-30 scheduled__2023-05-07T02:00:00+00:00 [queued]>
[2023-05-07T03:00:02.724+0000] {taskinstance.py:1090} INFO - Dependencies all met for dep_context=requeueable deps ti=<TaskInstance: scrape_and_save_to_csv.scrape_teams_25-30 scheduled__2023-05-07T02:00:00+00:00 [queued]>
[2023-05-07T03:00:02.727+0000] {taskinstance.py:1288} INFO - 
--------------------------------------------------------------------------------
[2023-05-07T03:00:02.740+0000] {taskinstance.py:1289} INFO - Starting attempt 1 of 1
[2023-05-07T03:00:02.744+0000] {taskinstance.py:1290} INFO - 
--------------------------------------------------------------------------------
[2023-05-07T03:00:02.793+0000] {taskinstance.py:1309} INFO - Executing <Task(PythonOperator): scrape_teams_25-30> on 2023-05-07 02:00:00+00:00
[2023-05-07T03:00:02.840+0000] {standard_task_runner.py:55} INFO - Started process 590 to run task
[2023-05-07T03:00:02.850+0000] {standard_task_runner.py:82} INFO - Running: ['***', 'tasks', 'run', 'scrape_and_save_to_csv', 'scrape_teams_25-30', 'scheduled__2023-05-07T02:00:00+00:00', '--job-id', '2650', '--raw', '--subdir', 'DAGS_FOLDER/scrape_and_save_csv_dag.py', '--cfg-path', '/tmp/tmps71eyi8t']
[2023-05-07T03:00:02.866+0000] {standard_task_runner.py:83} INFO - Job 2650: Subtask scrape_teams_25-30
[2023-05-07T03:00:03.343+0000] {task_command.py:389} INFO - Running <TaskInstance: scrape_and_save_to_csv.scrape_teams_25-30 scheduled__2023-05-07T02:00:00+00:00 [running]> on host 6589836e9c08
[2023-05-07T03:00:03.624+0000] {taskinstance.py:1518} INFO - Exporting the following env vars:
AIRFLOW_CTX_DAG_OWNER=***
AIRFLOW_CTX_DAG_ID=scrape_and_save_to_csv
AIRFLOW_CTX_TASK_ID=scrape_teams_25-30
AIRFLOW_CTX_EXECUTION_DATE=2023-05-07T02:00:00+00:00
AIRFLOW_CTX_TRY_NUMBER=1
AIRFLOW_CTX_DAG_RUN_ID=scheduled__2023-05-07T02:00:00+00:00
[2023-05-07T03:00:03.644+0000] {taskinstance.py:1776} ERROR - Task failed with exception
Traceback (most recent call last):
  File "/home/airflow/.local/lib/python3.7/site-packages/airflow/operators/python.py", line 175, in execute
    return_value = self.execute_callable()
  File "/home/airflow/.local/lib/python3.7/site-packages/airflow/operators/python.py", line 192, in execute_callable
    return self.python_callable(*self.op_args, **self.op_kwargs)
TypeError: scrape_and_save() missing 1 required positional argument: 'current_date'
[2023-05-07T03:00:03.707+0000] {taskinstance.py:1332} INFO - Marking task as FAILED. dag_id=scrape_and_save_to_csv, task_id=scrape_teams_25-30, execution_date=20230507T020000, start_date=20230507T030002, end_date=20230507T030003
[2023-05-07T03:00:03.745+0000] {standard_task_runner.py:105} ERROR - Failed to execute job 2650 for task scrape_teams_25-30 (scrape_and_save() missing 1 required positional argument: 'current_date'; 590)
[2023-05-07T03:00:03.818+0000] {local_task_job.py:212} INFO - Task exited with return code 1
[2023-05-07T03:00:03.914+0000] {taskinstance.py:2596} INFO - 0 downstream tasks scheduled from follow-on schedule check
