[2023-04-30T17:46:56.031+0000] {taskinstance.py:1090} INFO - Dependencies all met for dep_context=non-requeueable deps ti=<TaskInstance: scrape_and_save_to_csv.scrape_teams_25-30 manual__2023-04-30T17:46:54.688781+00:00 [queued]>
[2023-04-30T17:46:56.044+0000] {taskinstance.py:1090} INFO - Dependencies all met for dep_context=requeueable deps ti=<TaskInstance: scrape_and_save_to_csv.scrape_teams_25-30 manual__2023-04-30T17:46:54.688781+00:00 [queued]>
[2023-04-30T17:46:56.045+0000] {taskinstance.py:1288} INFO - 
--------------------------------------------------------------------------------
[2023-04-30T17:46:56.046+0000] {taskinstance.py:1289} INFO - Starting attempt 1 of 1
[2023-04-30T17:46:56.047+0000] {taskinstance.py:1290} INFO - 
--------------------------------------------------------------------------------
[2023-04-30T17:46:56.071+0000] {taskinstance.py:1309} INFO - Executing <Task(PythonOperator): scrape_teams_25-30> on 2023-04-30 17:46:54.688781+00:00
[2023-04-30T17:46:56.079+0000] {standard_task_runner.py:55} INFO - Started process 138 to run task
[2023-04-30T17:46:56.099+0000] {standard_task_runner.py:82} INFO - Running: ['***', 'tasks', 'run', 'scrape_and_save_to_csv', 'scrape_teams_25-30', 'manual__2023-04-30T17:46:54.688781+00:00', '--job-id', '1927', '--raw', '--subdir', 'DAGS_FOLDER/scrape_and_save_csv_dag.py', '--cfg-path', '/tmp/tmpu4a0py5v']
[2023-04-30T17:46:56.110+0000] {standard_task_runner.py:83} INFO - Job 1927: Subtask scrape_teams_25-30
[2023-04-30T17:46:56.238+0000] {task_command.py:389} INFO - Running <TaskInstance: scrape_and_save_to_csv.scrape_teams_25-30 manual__2023-04-30T17:46:54.688781+00:00 [running]> on host 5d4cd8acb346
[2023-04-30T17:46:56.348+0000] {taskinstance.py:1518} INFO - Exporting the following env vars:
AIRFLOW_CTX_DAG_OWNER=***
AIRFLOW_CTX_DAG_ID=scrape_and_save_to_csv
AIRFLOW_CTX_TASK_ID=scrape_teams_25-30
AIRFLOW_CTX_EXECUTION_DATE=2023-04-30T17:46:54.688781+00:00
AIRFLOW_CTX_TRY_NUMBER=1
AIRFLOW_CTX_DAG_RUN_ID=manual__2023-04-30T17:46:54.688781+00:00
[2023-04-30T17:46:56.351+0000] {taskinstance.py:1776} ERROR - Task failed with exception
Traceback (most recent call last):
  File "/home/airflow/.local/lib/python3.7/site-packages/airflow/operators/python.py", line 175, in execute
    return_value = self.execute_callable()
  File "/home/airflow/.local/lib/python3.7/site-packages/airflow/operators/python.py", line 192, in execute_callable
    return self.python_callable(*self.op_args, **self.op_kwargs)
TypeError: scrape_and_save() takes 1 positional argument but 6 were given
[2023-04-30T17:46:56.377+0000] {taskinstance.py:1332} INFO - Marking task as FAILED. dag_id=scrape_and_save_to_csv, task_id=scrape_teams_25-30, execution_date=20230430T174654, start_date=20230430T174656, end_date=20230430T174656
[2023-04-30T17:46:56.390+0000] {standard_task_runner.py:105} ERROR - Failed to execute job 1927 for task scrape_teams_25-30 (scrape_and_save() takes 1 positional argument but 6 were given; 138)
[2023-04-30T17:46:56.431+0000] {local_task_job.py:212} INFO - Task exited with return code 1
[2023-04-30T17:46:56.489+0000] {taskinstance.py:2596} INFO - 0 downstream tasks scheduled from follow-on schedule check
