[2023-04-28T04:14:10.115+0000] {taskinstance.py:1090} INFO - Dependencies all met for dep_context=non-requeueable deps ti=<TaskInstance: reddit_scrape.Teams_25-30 manual__2023-04-28T04:14:05.707589+00:00 [queued]>
[2023-04-28T04:14:10.130+0000] {taskinstance.py:1090} INFO - Dependencies all met for dep_context=requeueable deps ti=<TaskInstance: reddit_scrape.Teams_25-30 manual__2023-04-28T04:14:05.707589+00:00 [queued]>
[2023-04-28T04:14:10.131+0000] {taskinstance.py:1288} INFO - 
--------------------------------------------------------------------------------
[2023-04-28T04:14:10.141+0000] {taskinstance.py:1289} INFO - Starting attempt 1 of 1
[2023-04-28T04:14:10.143+0000] {taskinstance.py:1290} INFO - 
--------------------------------------------------------------------------------
[2023-04-28T04:14:10.158+0000] {taskinstance.py:1309} INFO - Executing <Task(PythonOperator): Teams_25-30> on 2023-04-28 04:14:05.707589+00:00
[2023-04-28T04:14:10.166+0000] {standard_task_runner.py:55} INFO - Started process 659 to run task
[2023-04-28T04:14:10.175+0000] {standard_task_runner.py:82} INFO - Running: ['***', 'tasks', 'run', 'reddit_scrape', 'Teams_25-30', 'manual__2023-04-28T04:14:05.707589+00:00', '--job-id', '1612', '--raw', '--subdir', 'DAGS_FOLDER/reddit_scrape.py', '--cfg-path', '/tmp/tmp0qw5yaqv']
[2023-04-28T04:14:10.185+0000] {standard_task_runner.py:83} INFO - Job 1612: Subtask Teams_25-30
[2023-04-28T04:14:10.324+0000] {task_command.py:389} INFO - Running <TaskInstance: reddit_scrape.Teams_25-30 manual__2023-04-28T04:14:05.707589+00:00 [running]> on host e334e97a784f
[2023-04-28T04:14:10.424+0000] {taskinstance.py:1518} INFO - Exporting the following env vars:
AIRFLOW_CTX_DAG_OWNER=***
AIRFLOW_CTX_DAG_ID=reddit_scrape
AIRFLOW_CTX_TASK_ID=Teams_25-30
AIRFLOW_CTX_EXECUTION_DATE=2023-04-28T04:14:05.707589+00:00
AIRFLOW_CTX_TRY_NUMBER=1
AIRFLOW_CTX_DAG_RUN_ID=manual__2023-04-28T04:14:05.707589+00:00
[2023-04-28T04:14:10.427+0000] {taskinstance.py:1776} ERROR - Task failed with exception
Traceback (most recent call last):
  File "/home/airflow/.local/lib/python3.7/site-packages/airflow/operators/python.py", line 175, in execute
    return_value = self.execute_callable()
  File "/home/airflow/.local/lib/python3.7/site-packages/airflow/operators/python.py", line 192, in execute_callable
    return self.python_callable(*self.op_args, **self.op_kwargs)
TypeError: scrape() takes 1 positional argument but 6 were given
[2023-04-28T04:14:10.443+0000] {taskinstance.py:1332} INFO - Marking task as FAILED. dag_id=reddit_scrape, task_id=Teams_25-30, execution_date=20230428T041405, start_date=20230428T041410, end_date=20230428T041410
[2023-04-28T04:14:10.462+0000] {standard_task_runner.py:105} ERROR - Failed to execute job 1612 for task Teams_25-30 (scrape() takes 1 positional argument but 6 were given; 659)
[2023-04-28T04:14:10.512+0000] {local_task_job.py:212} INFO - Task exited with return code 1
[2023-04-28T04:14:10.533+0000] {taskinstance.py:2596} INFO - 0 downstream tasks scheduled from follow-on schedule check
