[2023-04-28T04:14:10.156+0000] {taskinstance.py:1090} INFO - Dependencies all met for dep_context=non-requeueable deps ti=<TaskInstance: reddit_scrape.Teams_17-24 manual__2023-04-28T04:14:05.707589+00:00 [queued]>
[2023-04-28T04:14:10.171+0000] {taskinstance.py:1090} INFO - Dependencies all met for dep_context=requeueable deps ti=<TaskInstance: reddit_scrape.Teams_17-24 manual__2023-04-28T04:14:05.707589+00:00 [queued]>
[2023-04-28T04:14:10.173+0000] {taskinstance.py:1288} INFO - 
--------------------------------------------------------------------------------
[2023-04-28T04:14:10.176+0000] {taskinstance.py:1289} INFO - Starting attempt 1 of 1
[2023-04-28T04:14:10.177+0000] {taskinstance.py:1290} INFO - 
--------------------------------------------------------------------------------
[2023-04-28T04:14:10.200+0000] {taskinstance.py:1309} INFO - Executing <Task(PythonOperator): Teams_17-24> on 2023-04-28 04:14:05.707589+00:00
[2023-04-28T04:14:10.208+0000] {standard_task_runner.py:55} INFO - Started process 661 to run task
[2023-04-28T04:14:10.218+0000] {standard_task_runner.py:82} INFO - Running: ['***', 'tasks', 'run', 'reddit_scrape', 'Teams_17-24', 'manual__2023-04-28T04:14:05.707589+00:00', '--job-id', '1614', '--raw', '--subdir', 'DAGS_FOLDER/reddit_scrape.py', '--cfg-path', '/tmp/tmps6fusyfy']
[2023-04-28T04:14:10.225+0000] {standard_task_runner.py:83} INFO - Job 1614: Subtask Teams_17-24
[2023-04-28T04:14:10.343+0000] {task_command.py:389} INFO - Running <TaskInstance: reddit_scrape.Teams_17-24 manual__2023-04-28T04:14:05.707589+00:00 [running]> on host e334e97a784f
[2023-04-28T04:14:10.448+0000] {taskinstance.py:1518} INFO - Exporting the following env vars:
AIRFLOW_CTX_DAG_OWNER=***
AIRFLOW_CTX_DAG_ID=reddit_scrape
AIRFLOW_CTX_TASK_ID=Teams_17-24
AIRFLOW_CTX_EXECUTION_DATE=2023-04-28T04:14:05.707589+00:00
AIRFLOW_CTX_TRY_NUMBER=1
AIRFLOW_CTX_DAG_RUN_ID=manual__2023-04-28T04:14:05.707589+00:00
[2023-04-28T04:14:10.453+0000] {taskinstance.py:1776} ERROR - Task failed with exception
Traceback (most recent call last):
  File "/home/airflow/.local/lib/python3.7/site-packages/airflow/operators/python.py", line 175, in execute
    return_value = self.execute_callable()
  File "/home/airflow/.local/lib/python3.7/site-packages/airflow/operators/python.py", line 192, in execute_callable
    return self.python_callable(*self.op_args, **self.op_kwargs)
TypeError: scrape() takes 1 positional argument but 8 were given
[2023-04-28T04:14:10.469+0000] {taskinstance.py:1332} INFO - Marking task as FAILED. dag_id=reddit_scrape, task_id=Teams_17-24, execution_date=20230428T041405, start_date=20230428T041410, end_date=20230428T041410
[2023-04-28T04:14:10.482+0000] {standard_task_runner.py:105} ERROR - Failed to execute job 1614 for task Teams_17-24 (scrape() takes 1 positional argument but 8 were given; 661)
[2023-04-28T04:14:10.529+0000] {local_task_job.py:212} INFO - Task exited with return code 1
[2023-04-28T04:14:10.556+0000] {taskinstance.py:2596} INFO - 0 downstream tasks scheduled from follow-on schedule check
