[2023-04-28T04:14:10.140+0000] {taskinstance.py:1090} INFO - Dependencies all met for dep_context=non-requeueable deps ti=<TaskInstance: reddit_scrape.Teams_9-16 manual__2023-04-28T04:14:05.707589+00:00 [queued]>
[2023-04-28T04:14:10.160+0000] {taskinstance.py:1090} INFO - Dependencies all met for dep_context=requeueable deps ti=<TaskInstance: reddit_scrape.Teams_9-16 manual__2023-04-28T04:14:05.707589+00:00 [queued]>
[2023-04-28T04:14:10.162+0000] {taskinstance.py:1288} INFO - 
--------------------------------------------------------------------------------
[2023-04-28T04:14:10.165+0000] {taskinstance.py:1289} INFO - Starting attempt 1 of 1
[2023-04-28T04:14:10.166+0000] {taskinstance.py:1290} INFO - 
--------------------------------------------------------------------------------
[2023-04-28T04:14:10.190+0000] {taskinstance.py:1309} INFO - Executing <Task(PythonOperator): Teams_9-16> on 2023-04-28 04:14:05.707589+00:00
[2023-04-28T04:14:10.202+0000] {standard_task_runner.py:55} INFO - Started process 660 to run task
[2023-04-28T04:14:10.219+0000] {standard_task_runner.py:82} INFO - Running: ['***', 'tasks', 'run', 'reddit_scrape', 'Teams_9-16', 'manual__2023-04-28T04:14:05.707589+00:00', '--job-id', '1613', '--raw', '--subdir', 'DAGS_FOLDER/reddit_scrape.py', '--cfg-path', '/tmp/tmplebdc4nu']
[2023-04-28T04:14:10.224+0000] {standard_task_runner.py:83} INFO - Job 1613: Subtask Teams_9-16
[2023-04-28T04:14:10.331+0000] {task_command.py:389} INFO - Running <TaskInstance: reddit_scrape.Teams_9-16 manual__2023-04-28T04:14:05.707589+00:00 [running]> on host e334e97a784f
[2023-04-28T04:14:10.455+0000] {taskinstance.py:1518} INFO - Exporting the following env vars:
AIRFLOW_CTX_DAG_OWNER=***
AIRFLOW_CTX_DAG_ID=reddit_scrape
AIRFLOW_CTX_TASK_ID=Teams_9-16
AIRFLOW_CTX_EXECUTION_DATE=2023-04-28T04:14:05.707589+00:00
AIRFLOW_CTX_TRY_NUMBER=1
AIRFLOW_CTX_DAG_RUN_ID=manual__2023-04-28T04:14:05.707589+00:00
[2023-04-28T04:14:10.458+0000] {taskinstance.py:1776} ERROR - Task failed with exception
Traceback (most recent call last):
  File "/home/airflow/.local/lib/python3.7/site-packages/airflow/operators/python.py", line 175, in execute
    return_value = self.execute_callable()
  File "/home/airflow/.local/lib/python3.7/site-packages/airflow/operators/python.py", line 192, in execute_callable
    return self.python_callable(*self.op_args, **self.op_kwargs)
TypeError: scrape() takes 1 positional argument but 8 were given
[2023-04-28T04:14:10.472+0000] {taskinstance.py:1332} INFO - Marking task as FAILED. dag_id=reddit_scrape, task_id=Teams_9-16, execution_date=20230428T041405, start_date=20230428T041410, end_date=20230428T041410
[2023-04-28T04:14:10.486+0000] {standard_task_runner.py:105} ERROR - Failed to execute job 1613 for task Teams_9-16 (scrape() takes 1 positional argument but 8 were given; 660)
[2023-04-28T04:14:10.502+0000] {local_task_job.py:212} INFO - Task exited with return code 1
[2023-04-28T04:14:10.522+0000] {taskinstance.py:2596} INFO - 0 downstream tasks scheduled from follow-on schedule check
