[2023-05-03T17:42:45.005+0000] {taskinstance.py:1090} INFO - Dependencies all met for dep_context=non-requeueable deps ti=<TaskInstance: scrape_and_save_to_csv.join_csv scheduled__2023-05-03T16:30:00+00:00 [queued]>
[2023-05-03T17:42:45.012+0000] {taskinstance.py:1090} INFO - Dependencies all met for dep_context=requeueable deps ti=<TaskInstance: scrape_and_save_to_csv.join_csv scheduled__2023-05-03T16:30:00+00:00 [queued]>
[2023-05-03T17:42:45.013+0000] {taskinstance.py:1288} INFO - 
--------------------------------------------------------------------------------
[2023-05-03T17:42:45.014+0000] {taskinstance.py:1289} INFO - Starting attempt 1 of 1
[2023-05-03T17:42:45.015+0000] {taskinstance.py:1290} INFO - 
--------------------------------------------------------------------------------
[2023-05-03T17:42:45.023+0000] {taskinstance.py:1309} INFO - Executing <Task(PythonOperator): join_csv> on 2023-05-03 16:30:00+00:00
[2023-05-03T17:42:45.028+0000] {standard_task_runner.py:55} INFO - Started process 31890 to run task
[2023-05-03T17:42:45.032+0000] {standard_task_runner.py:82} INFO - Running: ['***', 'tasks', 'run', 'scrape_and_save_to_csv', 'join_csv', 'scheduled__2023-05-03T16:30:00+00:00', '--job-id', '2400', '--raw', '--subdir', 'DAGS_FOLDER/scrape_and_save_csv_dag.py', '--cfg-path', '/tmp/tmpw5y85xxc']
[2023-05-03T17:42:45.035+0000] {standard_task_runner.py:83} INFO - Job 2400: Subtask join_csv
[2023-05-03T17:42:45.098+0000] {task_command.py:389} INFO - Running <TaskInstance: scrape_and_save_to_csv.join_csv scheduled__2023-05-03T16:30:00+00:00 [running]> on host 5d4cd8acb346
[2023-05-03T17:42:45.153+0000] {taskinstance.py:1518} INFO - Exporting the following env vars:
AIRFLOW_CTX_DAG_OWNER=***
AIRFLOW_CTX_DAG_ID=scrape_and_save_to_csv
AIRFLOW_CTX_TASK_ID=join_csv
AIRFLOW_CTX_EXECUTION_DATE=2023-05-03T16:30:00+00:00
AIRFLOW_CTX_TRY_NUMBER=1
AIRFLOW_CTX_DAG_RUN_ID=scheduled__2023-05-03T16:30:00+00:00
[2023-05-03T17:42:45.168+0000] {taskinstance.py:1776} ERROR - Task failed with exception
Traceback (most recent call last):
  File "/home/airflow/.local/lib/python3.7/site-packages/airflow/operators/python.py", line 175, in execute
    return_value = self.execute_callable()
  File "/home/airflow/.local/lib/python3.7/site-packages/airflow/operators/python.py", line 192, in execute_callable
    return self.python_callable(*self.op_args, **self.op_kwargs)
  File "/opt/airflow/dags/helpers.py", line 104, in join
    pd.read_csv(f"{DATA_DIRECTORY}/output_scrape_teams_9-16.csv"),
  File "/home/airflow/.local/lib/python3.7/site-packages/pandas/util/_decorators.py", line 311, in wrapper
    return func(*args, **kwargs)
  File "/home/airflow/.local/lib/python3.7/site-packages/pandas/io/parsers/readers.py", line 586, in read_csv
    return _read(filepath_or_buffer, kwds)
  File "/home/airflow/.local/lib/python3.7/site-packages/pandas/io/parsers/readers.py", line 482, in _read
    parser = TextFileReader(filepath_or_buffer, **kwds)
  File "/home/airflow/.local/lib/python3.7/site-packages/pandas/io/parsers/readers.py", line 811, in __init__
    self._engine = self._make_engine(self.engine)
  File "/home/airflow/.local/lib/python3.7/site-packages/pandas/io/parsers/readers.py", line 1040, in _make_engine
    return mapping[engine](self.f, **self.options)  # type: ignore[call-arg]
  File "/home/airflow/.local/lib/python3.7/site-packages/pandas/io/parsers/c_parser_wrapper.py", line 69, in __init__
    self._reader = parsers.TextReader(self.handles.handle, **kwds)
  File "pandas/_libs/parsers.pyx", line 549, in pandas._libs.parsers.TextReader.__cinit__
pandas.errors.EmptyDataError: No columns to parse from file
[2023-05-03T17:42:45.179+0000] {taskinstance.py:1332} INFO - Marking task as FAILED. dag_id=scrape_and_save_to_csv, task_id=join_csv, execution_date=20230503T163000, start_date=20230503T174245, end_date=20230503T174245
[2023-05-03T17:42:45.187+0000] {standard_task_runner.py:105} ERROR - Failed to execute job 2400 for task join_csv (No columns to parse from file; 31890)
[2023-05-03T17:42:45.204+0000] {local_task_job.py:212} INFO - Task exited with return code 1
[2023-05-03T17:42:45.225+0000] {taskinstance.py:2596} INFO - 0 downstream tasks scheduled from follow-on schedule check
